DEBUG:py4j.java_gateway:Command to send: m
d
o34
e

DEBUG:py4j.java_gateway:Answer received: !yv
DEBUG:py4j.java_gateway:Command to send: m
d
o35
e

DEBUG:py4j.java_gateway:Answer received: !yv
DEBUG:py4j.java_gateway:Command to send: m
d
o36
e

DEBUG:py4j.java_gateway:Answer received: !yv
DEBUG:py4j.java_gateway:Command to send: m
d
o37
e

DEBUG:py4j.java_gateway:Answer received: !yv
DEBUG:py4j.java_gateway:Command to send: m
d
o38
e

DEBUG:py4j.java_gateway:Answer received: !yv
DEBUG:py4j.java_gateway:Command to send: m
d
o39
e

DEBUG:py4j.java_gateway:Answer received: !yv
DEBUG:py4j.java_gateway:Command to send: m
d
o40
e

DEBUG:py4j.java_gateway:Answer received: !yv
DEBUG:py4j.java_gateway:Command to send: m
d
o42
e

DEBUG:py4j.java_gateway:Answer received: !yv
DEBUG:py4j.java_gateway:Command to send: m
d
o43
e

DEBUG:py4j.java_gateway:Answer received: !yv
DEBUG:py4j.java_gateway:Command to send: m
d
o44
e

DEBUG:py4j.java_gateway:Answer received: !yv
DEBUG:py4j.java_gateway:Command to send: m
d
o45
e

DEBUG:py4j.java_gateway:Answer received: !yv
DEBUG:py4j.java_gateway:Command to send: m
d
o47
e

DEBUG:py4j.java_gateway:Answer received: !yv
DEBUG:py4j.java_gateway:Command to send: m
d
o48
e

DEBUG:py4j.java_gateway:Answer received: !yv
DEBUG:py4j.java_gateway:Command to send: m
d
o49
e

DEBUG:py4j.java_gateway:Answer received: !yv
DEBUG:py4j.java_gateway:Command to send: m
d
o50
e

DEBUG:py4j.java_gateway:Answer received: !yv
DEBUG:py4j.java_gateway:Command to send: m
d
o51
e

DEBUG:py4j.java_gateway:Answer received: !yv
DEBUG:py4j.java_gateway:Command to send: m
d
o52
e

DEBUG:py4j.java_gateway:Answer received: !yv
DEBUG:py4j.java_gateway:Command to send: m
d
o54
e

DEBUG:py4j.java_gateway:Answer received: !yv
DEBUG:py4j.java_gateway:Command to send: m
d
o55
e

DEBUG:py4j.java_gateway:Answer received: !yv
DEBUG:py4j.java_gateway:Command to send: m
d
o56
e

DEBUG:py4j.java_gateway:Answer received: !yv
DEBUG:py4j.java_gateway:Command to send: m
d
o57
e

DEBUG:py4j.java_gateway:Answer received: !yv
DEBUG:py4j.java_gateway:Command to send: m
d
o58
e

DEBUG:py4j.java_gateway:Answer received: !yv
DEBUG:py4j.java_gateway:Command to send: m
d
o59
e

DEBUG:py4j.java_gateway:Answer received: !yv
DEBUG:py4j.java_gateway:Command to send: m
d
o61
e

DEBUG:py4j.java_gateway:Answer received: !yv
DEBUG:py4j.java_gateway:Command to send: m
d
o62
e

DEBUG:py4j.java_gateway:Answer received: !yv
DEBUG:py4j.java_gateway:Command to send: m
d
o63
e

DEBUG:py4j.java_gateway:Answer received: !yv
DEBUG:py4j.java_gateway:Command to send: m
d
o64
e

DEBUG:py4j.java_gateway:Answer received: !yv
DEBUG:py4j.java_gateway:Command to send: m
d
o65
e

DEBUG:py4j.java_gateway:Answer received: !yv
DEBUG:py4j.java_gateway:Command to send: m
d
o66
e

DEBUG:py4j.java_gateway:Answer received: !yv
DEBUG:py4j.java_gateway:Command to send: m
d
o68
e

DEBUG:py4j.java_gateway:Answer received: !yv
DEBUG:py4j.java_gateway:Command to send: m
d
o69
e

DEBUG:py4j.java_gateway:Answer received: !yv
DEBUG:py4j.java_gateway:Command to send: m
d
o70
e

DEBUG:py4j.java_gateway:Answer received: !yv
DEBUG:py4j.java_gateway:Command to send: m
d
o71
e

DEBUG:py4j.java_gateway:Answer received: !yv
DEBUG:py4j.java_gateway:Command to send: m
d
o72
e

DEBUG:py4j.java_gateway:Answer received: !yv
DEBUG:py4j.java_gateway:Command to send: m
d
o73
e

DEBUG:py4j.java_gateway:Answer received: !yv
DEBUG:py4j.java_gateway:Command to send: m
d
o75
e

DEBUG:py4j.java_gateway:Answer received: !yv
DEBUG:py4j.java_gateway:Command to send: m
d
o76
e

DEBUG:py4j.java_gateway:Answer received: !yv
DEBUG:py4j.java_gateway:Command to send: m
d
o29
e

DEBUG:py4j.java_gateway:Answer received: !yv
DEBUG:py4j.java_gateway:Command to send: m
d
o41
e

DEBUG:py4j.java_gateway:Answer received: !yv
